[22:06:38] Starting brute force search (500 trials, seed=42)
[22:06:38] Trial range: 0 to 500
[22:06:38] Optuna trials per combination: 5
[22:06:38] Feature sizes: [10, 20, 30, 50, 75, 100]
[22:06:38] Models: ['lightgbm', 'xgboost', 'catboost', 'ridge']
[22:06:38] Loading data...
[22:06:38] Data loaded: 345 samples, 126 features
[22:06:38] Found 19 completed trials (will skip)
[22:07:33] Trial 18/499: xgboost, 100 features -> 0.021620 (55.6s)
[22:08:40] Trial 19/499: catboost, 100 features -> 0.022166 (66.7s)
[22:12:47] Trial 20/499: catboost, 50 features -> 0.020971 (246.8s)
[22:12:47] Trial 21/499: ridge, 50 features -> 0.064514 (0.1s)
[22:13:02] Trial 22/499: catboost, 10 features -> 0.021663 (15.4s)
[22:13:42] Trial 23/499: catboost, 75 features -> 0.019685 (39.3s)
[22:13:55] Trial 24/499: lightgbm, 75 features -> 0.019961 (13.7s)
[22:13:55] Trial 25/499: ridge, 20 features -> 0.063313 (0.0s)
[22:13:55] Trial 26/499: ridge, 10 features -> 0.078627 (0.0s)
[22:15:11] Trial 27/499: xgboost, 100 features -> 0.021682 (75.4s)
[22:15:11] Progress: 28/500 (5.6%) | Best so far: 0.019685 (trial 23)
[22:15:40] Trial 28/499: lightgbm, 20 features -> 0.025327 (28.8s)
[22:16:23] Trial 29/499: lightgbm, 20 features -> 0.023707 (43.5s)
[22:16:23] Trial 30/499: ridge, 20 features -> 0.031126 (0.0s)
[22:21:41] Trial 31/499: catboost, 50 features -> 0.020673 (317.5s)
[22:26:40] Trial 32/499: catboost, 50 features -> 0.021956 (299.6s)
[22:27:17] Trial 33/499: lightgbm, 50 features -> 0.020868 (37.2s)
[22:27:59] Trial 34/499: xgboost, 30 features -> 0.022396 (42.0s)
[22:28:00] Trial 35/499: ridge, 10 features -> 0.037785 (0.1s)
[22:28:00] Trial 36/499: ridge, 20 features -> 0.039318 (0.1s)
[22:28:54] Trial 37/499: xgboost, 50 features -> 0.024744 (54.2s)
[22:28:54] Progress: 38/500 (7.6%) | Best so far: 0.019685 (trial 23)
[22:30:46] Trial 38/499: xgboost, 100 features -> 0.025325 (112.4s)
[22:31:41] Trial 39/499: xgboost, 100 features -> 0.020472 (54.9s)
[22:32:49] Trial 40/499: xgboost, 50 features -> 0.021545 (67.8s)
[22:45:11] Trial 41/499: catboost, 75 features -> 0.020208 (741.8s)
[22:45:51] Trial 42/499: xgboost, 20 features -> 0.018457 (39.9s)
[22:47:03] Trial 43/499: xgboost, 50 features -> 0.022011 (72.4s)
[22:47:47] Trial 44/499: xgboost, 20 features -> 0.022500 (44.2s)
[22:48:42] Trial 45/499: xgboost, 50 features -> 0.023758 (54.7s)
[22:58:22] Trial 46/499: catboost, 100 features -> 0.021078 (580.0s)
[22:58:55] Trial 47/499: lightgbm, 50 features -> 0.019171 (33.1s)
[22:58:55] Progress: 48/500 (9.6%) | Best so far: 0.018457 (trial 42)
[22:58:55] Trial 48/499: ridge, 100 features -> 0.046770 (0.1s)
[22:58:55] Trial 49/499: ridge, 75 features -> 0.081958 (0.1s)
[23:00:26] Trial 50/499: xgboost, 75 features -> 0.024896 (91.0s)
[23:00:26] Trial 51/499: ridge, 75 features -> 0.042881 (0.1s)
[23:01:09] Trial 52/499: lightgbm, 20 features -> 0.019081 (42.7s)
[23:01:09] Trial 53/499: ridge, 50 features -> 0.059359 (0.1s)
[23:01:37] Trial 54/499: lightgbm, 50 features -> 0.025715 (28.2s)
[23:02:04] Trial 55/499: lightgbm, 10 features -> 0.024247 (26.3s)
[23:02:28] Trial 56/499: lightgbm, 75 features -> 0.019729 (24.6s)
[23:03:29] Trial 57/499: catboost, 10 features -> 0.018812 (60.4s)
[23:03:29] Progress: 58/500 (11.6%) | Best so far: 0.018457 (trial 42)
[23:03:29] Trial 58/499: ridge, 10 features -> 0.038676 (0.1s)
[23:03:29] Trial 59/499: ridge, 10 features -> 0.037139 (0.1s)
[23:07:36] Trial 60/499: catboost, 30 features -> 0.020937 (246.6s)
[23:07:36] Trial 61/499: ridge, 10 features -> 0.070271 (0.1s)
[23:14:09] Trial 62/499: catboost, 30 features -> 0.021674 (393.8s)
[23:16:30] Trial 63/499: catboost, 10 features -> 0.019842 (140.9s)
[23:17:43] Trial 64/499: xgboost, 75 features -> 0.020247 (73.1s)
[23:18:28] Trial 65/499: lightgbm, 20 features -> 0.023508 (44.5s)
[23:22:51] Trial 66/499: catboost, 50 features -> 0.021712 (263.0s)
[23:22:51] Trial 67/499: ridge, 10 features -> 0.029184 (0.1s)
[23:22:51] Progress: 68/500 (13.6%) | Best so far: 0.018457 (trial 42)
[23:23:25] Trial 68/499: xgboost, 50 features -> 0.020824 (33.9s)
[23:23:25] Trial 69/499: ridge, 10 features -> 0.054104 (0.1s)
[23:23:25] Trial 70/499: ridge, 100 features -> 0.053855 (0.1s)
[23:43:41] Trial 71/499: catboost, 75 features -> 0.020390 (1215.6s)
[23:43:41] Trial 72/499: ridge, 50 features -> 0.039956 (0.1s)
[23:53:43] Trial 73/499: catboost, 100 features -> 0.020595 (602.5s)
[23:54:17] Trial 74/499: lightgbm, 30 features -> 0.021039 (33.6s)
[23:54:42] Trial 75/499: lightgbm, 30 features -> 0.021146 (24.7s)
[00:28:23] Trial 76/499: catboost, 100 features -> 0.020299 (2021.8s)
[00:29:19] Trial 77/499: lightgbm, 10 features -> 0.022918 (56.0s)
[00:29:19] Progress: 78/500 (15.6%) | Best so far: 0.018457 (trial 42)
[00:35:12] Trial 78/499: catboost, 20 features -> 0.019513 (352.4s)
[00:49:53] Trial 79/499: catboost, 100 features -> 0.020415 (881.3s)
[00:50:58] Trial 80/499: lightgbm, 30 features -> 0.021497 (65.2s)
[00:51:56] Trial 81/499: xgboost, 20 features -> 0.020879 (57.8s)
[00:52:19] Trial 82/499: lightgbm, 50 features -> 0.024255 (23.4s)
[00:56:01] Trial 83/499: catboost, 30 features -> 0.020342 (222.0s)
[00:56:02] Trial 84/499: ridge, 10 features -> 0.046383 (0.1s)
[00:56:02] Trial 85/499: ridge, 75 features -> 0.057176 (0.1s)
[00:57:02] Trial 86/499: xgboost, 50 features -> 0.023068 (59.9s)
[01:00:18] Trial 87/499: catboost, 75 features -> 0.020534 (196.3s)
[01:00:18] Progress: 88/500 (17.6%) | Best so far: 0.018457 (trial 42)
[01:23:48] Trial 88/499: catboost, 75 features -> 0.021163 (1409.8s)
[01:24:37] Trial 89/499: lightgbm, 30 features -> 0.027054 (49.3s)
[01:25:36] Trial 90/499: lightgbm, 50 features -> 0.020251 (59.5s)
[01:33:56] Trial 91/499: catboost, 30 features -> 0.021079 (499.7s)
[01:33:56] Trial 92/499: ridge, 100 features -> 0.047332 (0.1s)
[01:34:52] Trial 93/499: xgboost, 20 features -> 0.020179 (56.0s)
[01:35:43] Trial 94/499: xgboost, 75 features -> 0.021271 (51.2s)
[01:36:38] Trial 95/499: lightgbm, 10 features -> 0.019815 (54.8s)
[01:36:38] Trial 96/499: ridge, 100 features -> 0.048016 (0.1s)
[01:36:39] Trial 97/499: ridge, 50 features -> 0.039289 (0.1s)
[01:36:39] Progress: 98/500 (19.6%) | Best so far: 0.018457 (trial 42)
[01:36:39] Trial 98/499: ridge, 50 features -> 0.062161 (0.1s)
[01:38:13] Trial 99/499: xgboost, 100 features -> 0.023581 (94.6s)
[01:38:13] Trial 100/499: ridge, 30 features -> 0.054330 (0.1s)
[01:43:00] Trial 101/499: catboost, 20 features -> 0.023252 (287.1s)
[01:43:27] Trial 102/499: lightgbm, 50 features -> 0.022208 (26.4s)
[01:44:03] Trial 103/499: lightgbm, 100 features -> 0.019444 (36.5s)
[01:45:30] Trial 104/499: lightgbm, 10 features -> 0.034352 (86.6s)
[01:46:27] Trial 105/499: xgboost, 30 features -> 0.021698 (56.6s)
[01:46:27] Trial 106/499: ridge, 10 features -> 0.035412 (0.1s)
[01:47:04] Trial 107/499: lightgbm, 75 features -> 0.022499 (37.1s)
[01:47:04] Progress: 108/500 (21.6%) | Best so far: 0.018457 (trial 42)
[01:49:27] Trial 108/499: catboost, 30 features -> 0.021408 (143.6s)
[01:49:27] Trial 109/499: ridge, 100 features -> 0.056031 (0.1s)
[01:50:14] Trial 110/499: lightgbm, 30 features -> 0.022371 (46.8s)
[01:50:37] Trial 111/499: lightgbm, 100 features -> 0.020847 (23.1s)
[01:52:23] Trial 112/499: catboost, 10 features -> 0.021339 (105.4s)
[01:52:23] Trial 113/499: ridge, 20 features -> 0.038835 (0.1s)
[01:52:59] Trial 114/499: xgboost, 30 features -> 0.022165 (35.9s)
[01:52:59] Trial 115/499: ridge, 10 features -> 0.060442 (0.1s)
[01:53:31] Trial 116/499: xgboost, 10 features -> 0.022513 (31.7s)
[01:54:33] Trial 117/499: xgboost, 10 features -> 0.021065 (62.4s)
[01:54:33] Progress: 118/500 (23.6%) | Best so far: 0.018457 (trial 42)
[01:54:33] Trial 118/499: ridge, 50 features -> 0.058940 (0.1s)
[02:08:01] Trial 119/499: catboost, 100 features -> 0.020649 (808.2s)
[02:14:12] Trial 120/499: catboost, 20 features -> 0.020573 (370.5s)
[02:14:47] Trial 121/499: lightgbm, 10 features -> 0.026307 (35.0s)
[02:14:47] Trial 122/499: ridge, 10 features -> 0.043871 (0.1s)
[02:19:33] Trial 123/499: catboost, 10 features -> 0.021145 (286.3s)
[02:20:31] Trial 124/499: xgboost, 10 features -> 0.019937 (57.6s)
[02:20:31] Trial 125/499: ridge, 20 features -> 0.037547 (0.1s)
[03:15:43] Trial 126/499: catboost, 100 features -> 0.020802 (3312.5s)
[03:15:43] Trial 127/499: ridge, 75 features -> 0.049913 (0.1s)
[03:15:43] Progress: 128/500 (25.6%) | Best so far: 0.018457 (trial 42)
[03:16:04] Trial 128/499: lightgbm, 10 features -> 0.020980 (20.7s)
[03:17:04] Trial 129/499: xgboost, 30 features -> 0.018985 (59.5s)
[03:17:23] Trial 130/499: lightgbm, 20 features -> 0.022624 (19.6s)
[03:18:12] Trial 131/499: xgboost, 50 features -> 0.021143 (49.2s)
[03:18:13] Trial 132/499: ridge, 100 features -> 0.052797 (0.1s)
[03:22:08] Trial 133/499: catboost, 50 features -> 0.020959 (235.1s)
[03:22:08] Trial 134/499: ridge, 30 features -> 0.042262 (0.1s)
[03:22:50] Trial 135/499: lightgbm, 30 features -> 0.019903 (41.9s)
[03:22:50] Trial 136/499: ridge, 100 features -> 0.055021 (0.1s)
[03:22:50] Trial 137/499: ridge, 75 features -> 0.053778 (0.1s)
[03:22:50] Progress: 138/500 (27.6%) | Best so far: 0.018457 (trial 42)
[03:23:38] Trial 138/499: xgboost, 20 features -> 0.021156 (47.6s)
[03:29:07] Trial 139/499: catboost, 100 features -> 0.020986 (329.5s)
[03:29:32] Trial 140/499: lightgbm, 10 features -> 0.025744 (24.7s)
[03:42:02] Trial 141/499: catboost, 50 features -> 0.019606 (750.6s)
[03:42:02] Trial 142/499: ridge, 100 features -> 0.044519 (0.1s)
[03:49:16] Trial 143/499: catboost, 75 features -> 0.020539 (433.7s)
[03:49:16] Trial 144/499: ridge, 50 features -> 0.049176 (0.1s)
[03:49:16] Trial 145/499: ridge, 30 features -> 0.053500 (0.1s)
[03:50:06] Trial 146/499: xgboost, 30 features -> 0.025181 (49.9s)
[03:54:57] Trial 147/499: catboost, 30 features -> 0.020416 (290.3s)
[03:54:57] Progress: 148/500 (29.6%) | Best so far: 0.018457 (trial 42)
[03:54:57] Trial 148/499: ridge, 30 features -> 0.047401 (0.1s)
[03:55:26] Trial 149/499: lightgbm, 50 features -> 0.023739 (29.5s)
[03:55:26] Trial 150/499: ridge, 10 features -> 0.037293 (0.1s)
[03:55:26] Trial 151/499: ridge, 20 features -> 0.035269 (0.1s)
[03:56:58] Trial 152/499: catboost, 10 features -> 0.022853 (91.2s)
[03:57:30] Trial 153/499: lightgbm, 50 features -> 0.020705 (32.3s)
[03:58:35] Trial 154/499: xgboost, 10 features -> 0.024223 (65.3s)
[04:00:00] Trial 155/499: xgboost, 100 features -> 0.021043 (84.9s)
[04:07:34] Trial 156/499: catboost, 30 features -> 0.023565 (454.5s)
[04:07:35] Trial 157/499: ridge, 50 features -> 0.039511 (0.1s)
[04:07:35] Progress: 158/500 (31.6%) | Best so far: 0.018457 (trial 42)
[04:07:35] Trial 158/499: ridge, 20 features -> 0.024564 (0.1s)
[04:07:35] Trial 159/499: ridge, 10 features -> 0.028664 (0.1s)
[04:08:07] Trial 160/499: lightgbm, 50 features -> 0.020622 (32.1s)
[04:08:35] Trial 161/499: lightgbm, 20 features -> 0.020518 (27.7s)
[04:08:35] Trial 162/499: ridge, 100 features -> 0.042576 (0.1s)
[04:09:26] Trial 163/499: lightgbm, 75 features -> 0.020134 (51.7s)
[04:10:51] Trial 164/499: catboost, 30 features -> 0.019178 (84.5s)
[04:11:37] Trial 165/499: lightgbm, 10 features -> 0.024250 (46.0s)
[04:18:31] Trial 166/499: catboost, 30 features -> 0.021575 (413.9s)
[04:18:31] Trial 167/499: ridge, 30 features -> 0.059395 (0.1s)
[04:18:31] Progress: 168/500 (33.6%) | Best so far: 0.018457 (trial 42)
[04:18:31] Trial 168/499: ridge, 100 features -> 0.053629 (0.1s)
[04:18:31] Trial 169/499: ridge, 10 features -> 0.025887 (0.1s)
[04:25:31] Trial 170/499: catboost, 50 features -> 0.020218 (420.3s)
[04:25:32] Trial 171/499: ridge, 10 features -> 0.046327 (0.1s)
[04:26:33] Trial 172/499: xgboost, 50 features -> 0.021646 (61.1s)
[04:27:40] Trial 173/499: xgboost, 50 features -> 0.021121 (67.1s)
[04:27:40] Trial 174/499: ridge, 30 features -> 0.043528 (0.1s)
[04:28:16] Trial 175/499: lightgbm, 100 features -> 0.019759 (36.0s)
[04:28:42] Trial 176/499: lightgbm, 30 features -> 0.019759 (26.6s)
[04:29:35] Trial 177/499: xgboost, 75 features -> 0.019462 (52.9s)
[04:29:35] Progress: 178/500 (35.6%) | Best so far: 0.018457 (trial 42)
[04:30:40] Trial 178/499: xgboost, 100 features -> 0.023583 (65.0s)
[04:31:55] Trial 179/499: xgboost, 20 features -> 0.020008 (74.6s)
[04:31:55] Trial 180/499: ridge, 30 features -> 0.050242 (0.1s)
[04:32:59] Trial 181/499: lightgbm, 75 features -> 0.021434 (64.2s)
[04:33:48] Trial 182/499: lightgbm, 50 features -> 0.024035 (48.8s)
[04:34:12] Trial 183/499: lightgbm, 50 features -> 0.019687 (23.6s)
[04:34:51] Trial 184/499: lightgbm, 100 features -> 0.020446 (39.5s)
[04:34:51] Trial 185/499: ridge, 50 features -> 0.072441 (0.1s)
[04:35:20] Trial 186/499: lightgbm, 30 features -> 0.021360 (28.7s)
[04:35:20] Trial 187/499: ridge, 10 features -> 0.036015 (0.1s)
[04:35:20] Progress: 188/500 (37.6%) | Best so far: 0.018457 (trial 42)
[04:58:07] Trial 188/499: catboost, 50 features -> 0.021426 (1367.3s)
[04:59:05] Trial 189/499: xgboost, 30 features -> 0.019922 (58.1s)
[04:59:58] Trial 190/499: xgboost, 100 features -> 0.021773 (52.5s)
[05:01:39] Trial 191/499: xgboost, 100 features -> 0.020838 (101.0s)
[05:02:45] Trial 192/499: lightgbm, 100 features -> 0.022715 (65.8s)
[05:03:44] Trial 193/499: xgboost, 30 features -> 0.020824 (59.2s)
[05:08:59] Trial 194/499: catboost, 30 features -> 0.020123 (315.0s)
[05:10:09] Trial 195/499: lightgbm, 20 features -> 0.020991 (70.3s)
[05:10:44] Trial 196/499: lightgbm, 100 features -> 0.021294 (34.3s)
[05:21:51] Trial 197/499: catboost, 50 features -> 0.022563 (667.5s)
[05:21:51] Progress: 198/500 (39.6%) | Best so far: 0.018457 (trial 42)
[05:22:15] Trial 198/499: lightgbm, 10 features -> 0.032176 (24.0s)
[05:22:51] Trial 199/499: lightgbm, 50 features -> 0.020606 (36.2s)
[05:22:51] Trial 200/499: ridge, 30 features -> 0.054560 (0.1s)
[05:22:52] Trial 201/499: ridge, 30 features -> 0.038974 (0.1s)
[05:22:52] Trial 202/499: ridge, 10 features -> 0.079626 (0.1s)
[05:22:52] Trial 203/499: ridge, 10 features -> 0.038459 (0.1s)
[05:23:41] Trial 204/499: xgboost, 50 features -> 0.020032 (49.2s)
[05:25:06] Trial 205/499: xgboost, 75 features -> 0.021745 (85.4s)
[05:26:10] Trial 206/499: xgboost, 75 features -> 0.022707 (64.0s)
[05:26:10] Trial 207/499: ridge, 30 features -> 0.041788 (0.1s)
[05:26:10] Progress: 208/500 (41.6%) | Best so far: 0.018457 (trial 42)
[05:26:38] Trial 208/499: lightgbm, 10 features -> 0.021958 (27.9s)
[05:27:26] Trial 209/499: lightgbm, 75 features -> 0.026435 (47.9s)
[05:28:06] Trial 210/499: lightgbm, 100 features -> 0.019842 (39.6s)
[05:28:06] Trial 211/499: ridge, 30 features -> 0.065539 (0.1s)
[05:28:06] Trial 212/499: ridge, 10 features -> 0.025413 (0.1s)
[05:29:02] Trial 213/499: lightgbm, 75 features -> 0.022212 (55.6s)
[05:29:02] Trial 214/499: ridge, 10 features -> 0.028370 (0.1s)
[05:29:02] Trial 215/499: ridge, 30 features -> 0.054191 (0.1s)
[05:29:31] Trial 216/499: lightgbm, 20 features -> 0.020005 (29.7s)
