<string>:16: SyntaxWarning: invalid escape sequence '\!'
[21:47:04] Loaded checkpoint: 36 completed
[21:47:17] ============================================================
[21:47:17] PHASE: Phase 7: Stacking (4 experiments)
[21:47:17] ============================================================
[21:47:17] START: stack_trees
[21:48:54] DONE: stack_trees - MSE: 0.016786 (97.2s)
[21:48:54] START: stack_trees_ridge
[21:49:35] DONE: stack_trees_ridge - MSE: 0.013033 (40.8s)
[21:49:35] START: optimized_blend
[21:50:10] DONE: optimized_blend - MSE: 0.000517 (35.2s)
[21:50:10] START: simple_blend
[21:50:39] DONE: simple_blend - MSE: 0.020307 (28.7s)
[21:50:39] Phase Phase 7 complete:
[21:50:39]   Completed: 4/4
[21:50:39]   Best: optimized_blend = 0.000517
[21:50:39] ============================================================
[21:50:39] PHASE: Phase 8: Per-Target Tuning (4 experiments)
[21:50:39] ============================================================
[21:50:39] START: tuned_angle
[21:51:56] DONE: tuned_angle - MSE: 0.018037 (76.5s)
[21:51:56] START: tuned_depth
[21:53:08] DONE: tuned_depth - MSE: 0.016362 (72.2s)
[21:53:08] START: tuned_left_right
[21:54:33] DONE: tuned_left_right - MSE: 0.015409 (85.0s)
[21:54:33] START: tuned_combined
[21:54:42] DONE: tuned_combined - MSE: 0.018416 (9.6s)
[21:54:42] Phase Phase 8 complete:
[21:54:42]   Completed: 4/4
[21:54:42]   Best: tuned_left_right = 0.015409
[21:54:42] ============================================================
[21:54:42] PHASE: Phase 9: Analysis (4 experiments)
[21:54:42] ============================================================
[21:54:42] START: feature_importance
[21:54:45] DONE: feature_importance - MSE: 0.000000 (2.5s)
[21:54:45] START: model_correlation
[21:54:55] DONE: model_correlation - MSE: 0.000000 (9.9s)
[21:54:55] START: participant_analysis
[21:55:05] DONE: participant_analysis - MSE: 0.000000 (10.2s)
[21:55:05] START: error_analysis
[21:55:15] DONE: error_analysis - MSE: 0.000000 (9.8s)
[21:55:15] Phase Phase 9 complete:
[21:55:15]   Completed: 4/4
[21:55:15]   Best: feature_importance = 0.000000
Loading raw sequence data...
  Loaded 345 samples, shape: (345, 240, 207)
  Loading cached f4_hybrid features...
  Loading cached f4_hybrid features...
  Loading cached f4_hybrid features...
Phases 7-9 complete\!
